<?xml version="1.0" encoding="UTF-8"?>
<!-- Generated by org.testng.reporters.JUnitXMLReporter -->
<testsuite ignored="0" hostname="WIN-251I7G81T1F" failures="1" tests="8" name="Test" time="60.582" errors="0" timestamp="2024-09-06T18:26:25 BST">
  <testcase classname="testCases.TC001_AccountRegistrationTest" name="registrationTest" time="2.608"/>
  <testcase classname="testCases.TC002_LoginTest" name="loginTest" time="1.784"/>
  <testcase classname="testCases.TC003_LoginDDTDataProvider" name="loginDDT" time="2.609"/>
  <testcase classname="testCases.TC003_LoginDDTDataProvider" name="loginDDT" time="11.407">
    <failure type="java.lang.AssertionError" message="expected [true] but found [false]">
      <![CDATA[java.lang.AssertionError: expected [true] but found [false]
at testCases.TC003_LoginDDTDataProvider.loginDDT(TC003_LoginDDTDataProvider.java:43)
at java.base/java.util.ArrayList.forEach(ArrayList.java:1597)
... Removed 33 stack frames]]>
    </failure>
  </testcase> <!-- loginDDT -->
  <testcase classname="testCases.TC003_LoginDDTDataProvider" name="loginDDT" time="11.354"/>
  <testcase classname="testCases.TC003_LoginDDTDataProvider" name="loginDDT" time="2.927"/>
  <testcase classname="testCases.TC003_LoginDDTDataProvider" name="loginDDT" time="11.401"/>
  <testcase classname="testCases.TC003_LoginDDTDataProvider" name="loginDDT" time="2.881"/>
</testsuite> <!-- Test -->
