<?xml version="1.0" encoding="UTF-8"?>
<!-- Generated by org.testng.reporters.JUnitXMLReporter -->
<testsuite ignored="1" hostname="WIN-251I7G81T1F" failures="2" tests="7" name="Test" time="55.32" errors="0" timestamp="2024-09-05T17:24:55 BST">
  <testcase classname="testCases.TC002_LoginTest" name="loginTest" time="1.893"/>
  <testcase classname="testCases.TC004_LoginDDTExcel" name="loginDDT" time="11.688">
    <failure type="java.lang.AssertionError" message="expected [true] but found [false]">
      <![CDATA[java.lang.AssertionError: expected [true] but found [false]
at testCases.TC004_LoginDDTExcel.loginDDT(TC004_LoginDDTExcel.java:50)
at java.base/java.util.ArrayList.forEach(ArrayList.java:1597)
... Removed 33 stack frames]]>
    </failure>
  </testcase> <!-- loginDDT -->
  <testcase classname="testCases.TC004_LoginDDTExcel" name="loginDDT" time="11.631"/>
  <testcase classname="testCases.TC004_LoginDDTExcel" name="loginDDT" time="2.95"/>
  <testcase classname="testCases.TC004_LoginDDTExcel" name="loginDDT" time="11.84"/>
  <testcase classname="testCases.TC004_LoginDDTExcel" name="loginDDT" time="3.613"/>
  <testcase classname="testCases.TC004_LoginDDTExcel" name="loginDDT" time="0.655">
    <failure type="java.lang.AssertionError" message="null">
      <![CDATA[java.lang.AssertionError: null
at testCases.TC004_LoginDDTExcel.loginDDT(TC004_LoginDDTExcel.java:72)
at java.base/java.util.ArrayList.forEach(ArrayList.java:1597)
... Removed 31 stack frames]]>
    </failure>
  </testcase> <!-- loginDDT -->
  <testcase classname="testCases.TC001_AccountRegistrationTest" name="registrationTest" time="0.0">
    <ignored/>
  </testcase> <!-- registrationTest -->
</testsuite> <!-- Test -->
