<?xml version="1.0" encoding="UTF-8"?>
<!-- Generated by org.testng.reporters.JUnitXMLReporter -->
<testsuite ignored="0" hostname="WIN-251I7G81T1F" failures="0" tests="2" name="Linux-Edge" time="0.104" errors="0" timestamp="2024-09-05T17:04:10 BST">
  <testcase classname="testCases.TC001_AccountRegistrationTest" name="registrationTest" time="0.0">
    <skipped/>
  </testcase> <!-- registrationTest -->
  <testcase classname="testCases.TC002_LoginTest" name="loginTest" time="0.0">
    <skipped/>
  </testcase> <!-- loginTest -->
</testsuite> <!-- Linux-Edge -->
