<?xml version="1.0" encoding="UTF-8"?>
<!-- Generated by org.testng.reporters.JUnitXMLReporter -->
<testsuite ignored="0" hostname="WIN-251I7G81T1F" failures="1" tests="8" name="Test" time="87.735" errors="0" timestamp="2024-09-06T19:47:13 BST">
  <testcase classname="testCases.TC001_AccountRegistrationTest" name="registrationTest" time="3.442"/>
  <testcase classname="testCases.TC002_LoginTest" name="loginTest" time="2.838"/>
  <testcase classname="testCases.TC003_LoginDDTDataProvider" name="loginDDT" time="5.993"/>
  <testcase classname="testCases.TC003_LoginDDTDataProvider" name="loginDDT" time="11.935">
    <failure type="java.lang.AssertionError" message="expected [true] but found [false]">
      <![CDATA[java.lang.AssertionError: expected [true] but found [false]
at testCases.TC003_LoginDDTDataProvider.loginDDT(TC003_LoginDDTDataProvider.java:43)
at java.base/java.util.ArrayList.forEach(ArrayList.java:1597)
... Removed 29 stack frames]]>
    </failure>
  </testcase> <!-- loginDDT -->
  <testcase classname="testCases.TC003_LoginDDTDataProvider" name="loginDDT" time="16.027"/>
  <testcase classname="testCases.TC003_LoginDDTDataProvider" name="loginDDT" time="6.65"/>
  <testcase classname="testCases.TC003_LoginDDTDataProvider" name="loginDDT" time="14.685"/>
  <testcase classname="testCases.TC003_LoginDDTDataProvider" name="loginDDT" time="6.511"/>
</testsuite> <!-- Test -->
