<?xml version="1.0" encoding="UTF-8"?>
<testsuite xmlns:xsi="http://www.w3.org/2001/XMLSchema-instance" xsi:noNamespaceSchemaLocation="https://maven.apache.org/surefire/maven-surefire-plugin/xsd/surefire-test-report.xsd" version="3.0.1" name="TestSuite" time="141.438" tests="12" errors="0" skipped="0" failures="2">
  <properties>
[...]
</properties>
  <testcase name="loginDDT[abc@gmail.com, test123, valid](1)" classname="testCases.TC004_LoginDDTExcel" time="13.227">
    <failure message="expected [true] but found [false]" type="java.lang.AssertionError"><![CDATA[java.lang.AssertionError: expected [true] but found [false]
	at org.testng.Assert.fail(Assert.java:111)
	at org.testng.Assert.failNotEquals(Assert.java:1578)
	at org.testng.Assert.assertTrue(Assert.java:57)
	at org.testng.Assert.assertTrue(Assert.java:67)
	at testCases.TC004_LoginDDTExcel.loginDDT(TC004_LoginDDTExcel.java:50)
	at java.base/jdk.internal.reflect.DirectMethodHandleAccessor.invoke(DirectMethodHandleAccessor.java:103)
	at java.base/java.lang.reflect.Method.invoke(Method.java:580)
	at org.testng.internal.invokers.MethodInvocationHelper.invokeMethod(MethodInvocationHelper.java:141)
	at org.testng.internal.invokers.TestInvoker.invokeMethod(TestInvoker.java:686)
	at org.testng.internal.invokers.TestInvoker.invokeTestMethod(TestInvoker.java:230)
	at org.testng.internal.invokers.MethodRunner.runInSequence(MethodRunner.java:63)
	at org.testng.internal.invokers.TestInvoker$MethodInvocationAgent.invoke(TestInvoker.java:992)
	at org.testng.internal.invokers.TestInvoker.invokeTestMethods(TestInvoker.java:203)
	at org.testng.internal.invokers.TestMethodWorker.invokeTestMethods(TestMethodWorker.java:154)
	at org.testng.internal.invokers.TestMethodWorker.run(TestMethodWorker.java:134)
	at java.base/java.util.ArrayList.forEach(ArrayList.java:1597)
	at org.testng.TestRunner.privateRun(TestRunner.java:739)
	at org.testng.TestRunner.run(TestRunner.java:614)
	at org.testng.SuiteRunner.runTest(SuiteRunner.java:421)
	at org.testng.SuiteRunner.runSequentially(SuiteRunner.java:413)
	at org.testng.SuiteRunner.privateRun(SuiteRunner.java:373)
	at org.testng.SuiteRunner.run(SuiteRunner.java:312)
	at org.testng.SuiteRunnerWorker.runSuite(SuiteRunnerWorker.java:52)
	at org.testng.SuiteRunnerWorker.run(SuiteRunnerWorker.java:95)
	at org.testng.TestNG.runSuitesSequentially(TestNG.java:1274)
	at org.testng.TestNG.runSuitesLocally(TestNG.java:1208)
	at org.testng.TestNG.runSuites(TestNG.java:1112)
	at org.testng.TestNG.run(TestNG.java:1079)
	at org.apache.maven.surefire.testng.TestNGExecutor.run(TestNGExecutor.java:308)
	at org.apache.maven.surefire.testng.TestNGXmlTestSuite.execute(TestNGXmlTestSuite.java:71)
	at org.apache.maven.surefire.testng.TestNGProvider.invoke(TestNGProvider.java:113)
	at org.apache.maven.surefire.booter.ForkedBooter.runSuitesInProcess(ForkedBooter.java:385)
	at org.apache.maven.surefire.booter.ForkedBooter.execute(ForkedBooter.java:162)
	at org.apache.maven.surefire.booter.ForkedBooter.run(ForkedBooter.java:507)
	at org.apache.maven.surefire.booter.ForkedBooter.main(ForkedBooter.java:495)
]]></failure>
    <system-out><![CDATA[18:36:44.072 [main] DEBUG org.testng.TestNG - suiteXmlPath: "C:\Users\bukad\OneDrive\Desktop\Projects\OpencartV1\grouping.xml"
18:36:44.257 [main] DEBUG org.testng.TestNG - suiteXmlPath: "C:\Users\bukad\OneDrive\Desktop\Projects\OpencartV1\grid-docker.xml"
18:36:44.269 [main] WARN  org.testng.TestNG - Ignoring duplicate listener : utilities.ExtentReportManager
18:36:53.201 [main] DEBUG org.apache.poi.openxml4j.opc.PackageRelationshipCollection - Parsing relationship: /xl/_rels/workbook.xml.rels
18:36:53.221 [main] DEBUG org.apache.poi.openxml4j.opc.PackageRelationshipCollection - Parsing relationship: /xl/worksheets/_rels/sheet1.xml.rels
18:36:53.277 [main] DEBUG org.apache.poi.openxml4j.opc.PackageRelationshipCollection - Parsing relationship: /_rels/.rels
abc@gmail.com
test123
valid
john@gmail.com
test@123
invalid
pavanol123@gmail.com
test@123
valid
johncanedy@gmail.com
test
invalid
peterwilliams@gmail.com
peterwilliams
valid
18:36:54.589 [main] INFO  testCases.TC004_LoginDDTExcel - ****** Starting TC004_LoginDDTExcel *****
]]></system-out>
    <system-err><![CDATA[Sept 05, 2024 6:36:49 PM org.openqa.selenium.devtools.CdpVersionFinder findNearestMatch
WARNING: Unable to find an exact match for CDP version 128, returning the closest version; found: 125; Please update to a Selenium version that supports CDP version 128
]]></system-err>
  </testcase>
  <testcase name="loginDDT[john@gmail.com, test@123, invalid](2)" classname="testCases.TC004_LoginDDTExcel" time="12.635">
    <system-out><![CDATA[18:37:07.818 [main] INFO  testCases.TC004_LoginDDTExcel - ****** Starting TC004_LoginDDTExcel *****
18:37:20.452 [main] INFO  testCases.TC004_LoginDDTExcel - ****** Finished TC004_LoginDDTExcel *****
]]></system-out>
  </testcase>
  <testcase name="loginDDT[pavanol123@gmail.com, test@123, valid](3)" classname="testCases.TC004_LoginDDTExcel" time="3.673">
    <system-out><![CDATA[18:37:20.457 [main] INFO  testCases.TC004_LoginDDTExcel - ****** Starting TC004_LoginDDTExcel *****
18:37:24.127 [main] INFO  testCases.TC004_LoginDDTExcel - ****** Finished TC004_LoginDDTExcel *****
]]></system-out>
  </testcase>
  <testcase name="loginDDT[johncanedy@gmail.com, test, invalid](4)" classname="testCases.TC004_LoginDDTExcel" time="12.076">
    <system-out><![CDATA[18:37:24.131 [main] INFO  testCases.TC004_LoginDDTExcel - ****** Starting TC004_LoginDDTExcel *****
18:37:36.205 [main] INFO  testCases.TC004_LoginDDTExcel - ****** Finished TC004_LoginDDTExcel *****
]]></system-out>
  </testcase>
  <testcase name="loginDDT[peterwilliams@gmail.com, peterwilliams, valid](5)" classname="testCases.TC004_LoginDDTExcel" time="3.643">
    <system-out><![CDATA[18:37:36.209 [main] INFO  testCases.TC004_LoginDDTExcel - ****** Starting TC004_LoginDDTExcel *****
18:37:39.848 [main] INFO  testCases.TC004_LoginDDTExcel - ****** Finished TC004_LoginDDTExcel *****
]]></system-out>
  </testcase>
  <testcase name="loginDDT[null, null, null](6)" classname="testCases.TC004_LoginDDTExcel" time="0.957">
    <failure message="null" type="java.lang.AssertionError"><![CDATA[java.lang.AssertionError: null
	at org.testng.Assert.fail(Assert.java:111)
	at org.testng.Assert.fail(Assert.java:116)
	at testCases.TC004_LoginDDTExcel.loginDDT(TC004_LoginDDTExcel.java:72)
	at java.base/jdk.internal.reflect.DirectMethodHandleAccessor.invoke(DirectMethodHandleAccessor.java:103)
	at java.base/java.lang.reflect.Method.invoke(Method.java:580)
	at org.testng.internal.invokers.MethodInvocationHelper.invokeMethod(MethodInvocationHelper.java:141)
	at org.testng.internal.invokers.TestInvoker.invokeMethod(TestInvoker.java:686)
	at org.testng.internal.invokers.TestInvoker.invokeTestMethod(TestInvoker.java:230)
	at org.testng.internal.invokers.MethodRunner.runInSequence(MethodRunner.java:63)
	at org.testng.internal.invokers.TestInvoker$MethodInvocationAgent.invoke(TestInvoker.java:992)
	at org.testng.internal.invokers.TestInvoker.invokeTestMethods(TestInvoker.java:203)
	at org.testng.internal.invokers.TestMethodWorker.invokeTestMethods(TestMethodWorker.java:154)
	at org.testng.internal.invokers.TestMethodWorker.run(TestMethodWorker.java:134)
	at java.base/java.util.ArrayList.forEach(ArrayList.java:1597)
	at org.testng.TestRunner.privateRun(TestRunner.java:739)
	at org.testng.TestRunner.run(TestRunner.java:614)
	at org.testng.SuiteRunner.runTest(SuiteRunner.java:421)
	at org.testng.SuiteRunner.runSequentially(SuiteRunner.java:413)
	at org.testng.SuiteRunner.privateRun(SuiteRunner.java:373)
	at org.testng.SuiteRunner.run(SuiteRunner.java:312)
	at org.testng.SuiteRunnerWorker.runSuite(SuiteRunnerWorker.java:52)
	at org.testng.SuiteRunnerWorker.run(SuiteRunnerWorker.java:95)
	at org.testng.TestNG.runSuitesSequentially(TestNG.java:1274)
	at org.testng.TestNG.runSuitesLocally(TestNG.java:1208)
	at org.testng.TestNG.runSuites(TestNG.java:1112)
	at org.testng.TestNG.run(TestNG.java:1079)
	at org.apache.maven.surefire.testng.TestNGExecutor.run(TestNGExecutor.java:308)
	at org.apache.maven.surefire.testng.TestNGXmlTestSuite.execute(TestNGXmlTestSuite.java:71)
	at org.apache.maven.surefire.testng.TestNGProvider.invoke(TestNGProvider.java:113)
	at org.apache.maven.surefire.booter.ForkedBooter.runSuitesInProcess(ForkedBooter.java:385)
	at org.apache.maven.surefire.booter.ForkedBooter.execute(ForkedBooter.java:162)
	at org.apache.maven.surefire.booter.ForkedBooter.run(ForkedBooter.java:507)
	at org.apache.maven.surefire.booter.ForkedBooter.main(ForkedBooter.java:495)
]]></failure>
    <system-out><![CDATA[18:37:39.854 [main] INFO  testCases.TC004_LoginDDTExcel - ****** Starting TC004_LoginDDTExcel *****
]]></system-out>
  </testcase>
  <testcase name="registrationTest" classname="testCases.TC001_AccountRegistrationTest" time="4.191">
    <system-out><![CDATA[18:37:52.336 [main] INFO  testCases.TC001_AccountRegistrationTest - ****** Starting TC001_AccountRegistrationTest *****
18:37:52.710 [main] INFO  testCases.TC001_AccountRegistrationTest - Clicked on MyAccount Link
18:37:53.720 [main] INFO  testCases.TC001_AccountRegistrationTest - Clicked on MyRegister Link
18:37:53.733 [main] INFO  testCases.TC001_AccountRegistrationTest - Providing customer details.....
18:37:54.659 [main] INFO  testCases.TC001_AccountRegistrationTest - Creating dynamic password.....
18:37:55.029 [main] INFO  testCases.TC001_AccountRegistrationTest - Creating Password.....
18:37:56.405 [main] INFO  testCases.TC001_AccountRegistrationTest - Validating expected message
18:37:56.525 [main] INFO  testCases.TC001_AccountRegistrationTest - ****** Finished TC001_AccountRegistrationTest *****
]]></system-out>
    <system-err><![CDATA[Sept 05, 2024 6:37:49 PM org.openqa.selenium.devtools.CdpVersionFinder findNearestMatch
WARNING: Unable to find an exact match for CDP version 128, returning the closest version; found: 125; Please update to a Selenium version that supports CDP version 128
]]></system-err>
  </testcase>
  <testcase name="registrationTest" classname="testCases.TC001_AccountRegistrationTest" time="5.286">
    <system-out><![CDATA[18:38:17.752 [main] INFO  testCases.TC001_AccountRegistrationTest - ****** Starting TC001_AccountRegistrationTest *****
18:38:18.144 [main] INFO  testCases.TC001_AccountRegistrationTest - Clicked on MyAccount Link
18:38:21.004 [main] INFO  testCases.TC001_AccountRegistrationTest - Clicked on MyRegister Link
18:38:21.006 [main] INFO  testCases.TC001_AccountRegistrationTest - Providing customer details.....
18:38:21.485 [main] INFO  testCases.TC001_AccountRegistrationTest - Creating dynamic password.....
18:38:21.593 [main] INFO  testCases.TC001_AccountRegistrationTest - Creating Password.....
18:38:23.000 [main] INFO  testCases.TC001_AccountRegistrationTest - Validating expected message
18:38:23.036 [main] INFO  testCases.TC001_AccountRegistrationTest - ****** Finished TC001_AccountRegistrationTest *****
]]></system-out>
  </testcase>
  <testcase name="registrationTest" classname="testCases.TC001_AccountRegistrationTest" time="5.957">
    <system-out><![CDATA[18:38:45.590 [main] INFO  testCases.TC001_AccountRegistrationTest - ****** Starting TC001_AccountRegistrationTest *****
18:38:45.762 [main] INFO  testCases.TC001_AccountRegistrationTest - Clicked on MyAccount Link
18:38:48.543 [main] INFO  testCases.TC001_AccountRegistrationTest - Clicked on MyRegister Link
18:38:48.545 [main] INFO  testCases.TC001_AccountRegistrationTest - Providing customer details.....
18:38:49.660 [main] INFO  testCases.TC001_AccountRegistrationTest - Creating dynamic password.....
18:38:50.144 [main] INFO  testCases.TC001_AccountRegistrationTest - Creating Password.....
18:38:51.493 [main] INFO  testCases.TC001_AccountRegistrationTest - Validating expected message
18:38:51.546 [main] INFO  testCases.TC001_AccountRegistrationTest - ****** Finished TC001_AccountRegistrationTest *****
]]></system-out>
    <system-err><![CDATA[Sept 05, 2024 6:38:42 PM org.openqa.selenium.devtools.CdpVersionFinder findNearestMatch
WARNING: Unable to find an exact match for CDP version 128, returning the closest version; found: 125; Please update to a Selenium version that supports CDP version 128
]]></system-err>
  </testcase>
  <testcase name="loginTest" classname="testCases.TC002_LoginTest" time="2.664">
    <system-out><![CDATA[18:38:04.023 [main] INFO  testCases.TC002_LoginTest - ****** Starting TC002_LoginTest *****
18:38:06.685 [main] INFO  testCases.TC002_LoginTest - ****** Finished TC002_LoginTest *****
]]></system-out>
    <system-err><![CDATA[Sept 05, 2024 6:37:59 PM org.openqa.selenium.devtools.CdpVersionFinder findNearestMatch
WARNING: Unable to find an exact match for CDP version 128, returning the closest version; found: 125; Please update to a Selenium version that supports CDP version 128
]]></system-err>
  </testcase>
  <testcase name="loginTest" classname="testCases.TC002_LoginTest" time="2.4">
    <system-out><![CDATA[18:38:34.200 [main] INFO  testCases.TC002_LoginTest - ****** Starting TC002_LoginTest *****
18:38:36.598 [main] INFO  testCases.TC002_LoginTest - ****** Finished TC002_LoginTest *****
]]></system-out>
  </testcase>
  <testcase name="loginTest" classname="testCases.TC002_LoginTest" time="2.813">
    <system-out><![CDATA[18:38:58.365 [main] INFO  testCases.TC002_LoginTest - ****** Starting TC002_LoginTest *****
18:39:01.177 [main] INFO  testCases.TC002_LoginTest - ****** Finished TC002_LoginTest *****
]]></system-out>
    <system-err><![CDATA[Sept 05, 2024 6:38:55 PM org.openqa.selenium.devtools.CdpVersionFinder findNearestMatch
WARNING: Unable to find an exact match for CDP version 128, returning the closest version; found: 125; Please update to a Selenium version that supports CDP version 128
]]></system-err>
  </testcase>
</testsuite>