<?xml version="1.0" encoding="UTF-8"?>
<testng-results ignored="0" total="9" passed="7" failed="2" skipped="0">
  <reporter-output>
  </reporter-output>
  <suite started-at="2024-09-05T17:24:55 BST" name="Master Suite (0)" finished-at="2024-09-05T17:25:10 BST" duration-ms="15109">
    <groups>
      <group name="Master">
        <method signature="TC001_AccountRegistrationTest.registrationTest()[pri:0, instance:testCases.TC001_AccountRegistrationTest@48a12036]" name="registrationTest" class="testCases.TC001_AccountRegistrationTest"/>
        <method signature="TC002_LoginTest.loginTest()[pri:0, instance:testCases.TC002_LoginTest@bf1ec20]" name="loginTest" class="testCases.TC002_LoginTest"/>
      </group> <!-- Master -->
      <group name="Sanity">
        <method signature="TC002_LoginTest.loginTest()[pri:0, instance:testCases.TC002_LoginTest@bf1ec20]" name="loginTest" class="testCases.TC002_LoginTest"/>
      </group> <!-- Sanity -->
      <group name="Regression">
        <method signature="TC001_AccountRegistrationTest.registrationTest()[pri:0, instance:testCases.TC001_AccountRegistrationTest@48a12036]" name="registrationTest" class="testCases.TC001_AccountRegistrationTest"/>
      </group> <!-- Regression -->
    </groups>
    <test started-at="2024-09-05T17:24:55 BST" name="Test" finished-at="2024-09-05T17:25:10 BST" duration-ms="15109">
      <class name="testCases.TC002_LoginTest">
        <test-method is-config="true" signature="setup(java.lang.String,java.lang.String)[pri:0, instance:testCases.TC002_LoginTest@bf1ec20]" started-at="2024-09-05T17:25:04 BST" name="setup" finished-at="2024-09-05T17:25:08 BST" duration-ms="4288" status="PASS">
          <params>
            <param index="0">
              <value>
                <![CDATA[Windows]]>
              </value>
            </param>
            <param index="1">
              <value>
                <![CDATA[chrome]]>
              </value>
            </param>
          </params>
          <reporter-output>
          </reporter-output>
        </test-method> <!-- setup -->
        <test-method signature="loginTest()[pri:0, instance:testCases.TC002_LoginTest@bf1ec20]" started-at="2024-09-05T17:25:08 BST" name="loginTest" finished-at="2024-09-05T17:25:10 BST" duration-ms="1916" status="PASS">
          <reporter-output>
          </reporter-output>
        </test-method> <!-- loginTest -->
        <test-method is-config="true" signature="tearDown()[pri:0, instance:testCases.TC002_LoginTest@bf1ec20]" started-at="2024-09-05T17:25:10 BST" name="tearDown" finished-at="2024-09-05T17:25:10 BST" duration-ms="163" status="PASS">
          <reporter-output>
          </reporter-output>
        </test-method> <!-- tearDown -->
      </class> <!-- testCases.TC002_LoginTest -->
      <class name="testCases.TC001_AccountRegistrationTest">
        <test-method is-config="true" signature="setup(java.lang.String,java.lang.String)[pri:0, instance:testCases.TC001_AccountRegistrationTest@48a12036]" started-at="2024-09-05T17:24:55 BST" name="setup" finished-at="2024-09-05T17:24:59 BST" duration-ms="4405" status="PASS">
          <params>
            <param index="0">
              <value>
                <![CDATA[Windows]]>
              </value>
            </param>
            <param index="1">
              <value>
                <![CDATA[chrome]]>
              </value>
            </param>
          </params>
          <reporter-output>
          </reporter-output>
        </test-method> <!-- setup -->
        <test-method signature="registrationTest()[pri:0, instance:testCases.TC001_AccountRegistrationTest@48a12036]" started-at="2024-09-05T17:24:59 BST" name="registrationTest" finished-at="2024-09-05T17:25:03 BST" duration-ms="3942" status="PASS">
          <reporter-output>
          </reporter-output>
        </test-method> <!-- registrationTest -->
        <test-method is-config="true" signature="tearDown()[pri:0, instance:testCases.TC001_AccountRegistrationTest@48a12036]" started-at="2024-09-05T17:25:03 BST" name="tearDown" finished-at="2024-09-05T17:25:04 BST" duration-ms="386" status="PASS">
          <reporter-output>
          </reporter-output>
        </test-method> <!-- tearDown -->
      </class> <!-- testCases.TC001_AccountRegistrationTest -->
    </test> <!-- Test -->
  </suite> <!-- Master Suite (0) -->
  <suite started-at="2024-09-05T17:23:58 BST" name="Master Suite" finished-at="2024-09-05T17:24:54 BST" duration-ms="55320">
    <groups>
      <group name="Master">
        <method signature="TC002_LoginTest.loginTest()[pri:0, instance:testCases.TC002_LoginTest@56aaaecd]" name="loginTest" class="testCases.TC002_LoginTest"/>
        <method signature="TC004_LoginDDTExcel.loginDDT(java.lang.String,java.lang.String,java.lang.String)[pri:0, instance:testCases.TC004_LoginDDTExcel@522a32b1]" name="loginDDT" class="testCases.TC004_LoginDDTExcel"/>
      </group> <!-- Master -->
      <group name="Sanity">
        <method signature="TC002_LoginTest.loginTest()[pri:0, instance:testCases.TC002_LoginTest@56aaaecd]" name="loginTest" class="testCases.TC002_LoginTest"/>
        <method signature="TC004_LoginDDTExcel.loginDDT(java.lang.String,java.lang.String,java.lang.String)[pri:0, instance:testCases.TC004_LoginDDTExcel@522a32b1]" name="loginDDT" class="testCases.TC004_LoginDDTExcel"/>
      </group> <!-- Sanity -->
      <group name="DataDriven">
        <method signature="TC004_LoginDDTExcel.loginDDT(java.lang.String,java.lang.String,java.lang.String)[pri:0, instance:testCases.TC004_LoginDDTExcel@522a32b1]" name="loginDDT" class="testCases.TC004_LoginDDTExcel"/>
      </group> <!-- DataDriven -->
    </groups>
    <test started-at="2024-09-05T17:23:58 BST" name="Test" finished-at="2024-09-05T17:24:54 BST" duration-ms="55320">
      <class name="testCases.TC002_LoginTest">
        <test-method is-config="true" signature="setup(java.lang.String,java.lang.String)[pri:0, instance:testCases.TC002_LoginTest@56aaaecd]" started-at="2024-09-05T17:23:59 BST" name="setup" finished-at="2024-09-05T17:24:04 BST" duration-ms="5043" status="PASS">
          <params>
            <param index="0">
              <value>
                <![CDATA[Windows]]>
              </value>
            </param>
            <param index="1">
              <value>
                <![CDATA[chrome]]>
              </value>
            </param>
          </params>
          <reporter-output>
          </reporter-output>
        </test-method> <!-- setup -->
        <test-method signature="loginTest()[pri:0, instance:testCases.TC002_LoginTest@56aaaecd]" started-at="2024-09-05T17:24:04 BST" name="loginTest" finished-at="2024-09-05T17:24:06 BST" duration-ms="1893" status="PASS">
          <reporter-output>
          </reporter-output>
        </test-method> <!-- loginTest -->
        <test-method is-config="true" signature="tearDown()[pri:0, instance:testCases.TC002_LoginTest@56aaaecd]" started-at="2024-09-05T17:24:06 BST" name="tearDown" finished-at="2024-09-05T17:24:06 BST" duration-ms="195" status="PASS">
          <reporter-output>
          </reporter-output>
        </test-method> <!-- tearDown -->
      </class> <!-- testCases.TC002_LoginTest -->
      <class name="testCases.TC004_LoginDDTExcel">
        <test-method is-config="true" signature="setup(java.lang.String,java.lang.String)[pri:0, instance:testCases.TC004_LoginDDTExcel@522a32b1]" started-at="2024-09-05T17:24:06 BST" name="setup" finished-at="2024-09-05T17:24:10 BST" duration-ms="4212" status="PASS">
          <params>
            <param index="0">
              <value>
                <![CDATA[Windows]]>
              </value>
            </param>
            <param index="1">
              <value>
                <![CDATA[chrome]]>
              </value>
            </param>
          </params>
          <reporter-output>
          </reporter-output>
        </test-method> <!-- setup -->
        <test-method signature="loginDDT(java.lang.String,java.lang.String,java.lang.String)[pri:0, instance:testCases.TC004_LoginDDTExcel@522a32b1]" started-at="2024-09-05T17:24:11 BST" name="loginDDT" data-provider="TestLogin" finished-at="2024-09-05T17:24:22 BST" duration-ms="11688" status="FAIL">
          <params>
            <param index="0">
              <value>
                <![CDATA[abc@gmail.com]]>
              </value>
            </param>
            <param index="1">
              <value>
                <![CDATA[test123]]>
              </value>
            </param>
            <param index="2">
              <value>
                <![CDATA[valid]]>
              </value>
            </param>
          </params>
          <exception class="java.lang.AssertionError">
            <message>
              <![CDATA[expected [true] but found [false]]]>
            </message>
            <full-stacktrace>
              <![CDATA[java.lang.AssertionError: expected [true] but found [false]
at org.testng.Assert.fail(Assert.java:111)
at org.testng.Assert.failNotEquals(Assert.java:1578)
at org.testng.Assert.assertTrue(Assert.java:57)
at org.testng.Assert.assertTrue(Assert.java:67)
at testCases.TC004_LoginDDTExcel.loginDDT(TC004_LoginDDTExcel.java:50)
at java.base/jdk.internal.reflect.DirectMethodHandleAccessor.invoke(DirectMethodHandleAccessor.java:103)
at java.base/java.lang.reflect.Method.invoke(Method.java:580)
at org.testng.internal.invokers.MethodInvocationHelper.invokeMethod(MethodInvocationHelper.java:141)
at org.testng.internal.invokers.TestInvoker.invokeMethod(TestInvoker.java:686)
at org.testng.internal.invokers.TestInvoker.invokeTestMethod(TestInvoker.java:230)
at org.testng.internal.invokers.MethodRunner.runInSequence(MethodRunner.java:63)
at org.testng.internal.invokers.TestInvoker$MethodInvocationAgent.invoke(TestInvoker.java:992)
at org.testng.internal.invokers.TestInvoker.invokeTestMethods(TestInvoker.java:203)
at org.testng.internal.invokers.TestMethodWorker.invokeTestMethods(TestMethodWorker.java:154)
at org.testng.internal.invokers.TestMethodWorker.run(TestMethodWorker.java:134)
at java.base/java.util.ArrayList.forEach(ArrayList.java:1597)
at org.testng.TestRunner.privateRun(TestRunner.java:739)
at org.testng.TestRunner.run(TestRunner.java:614)
at org.testng.SuiteRunner.runTest(SuiteRunner.java:421)
at org.testng.SuiteRunner.runSequentially(SuiteRunner.java:413)
at org.testng.SuiteRunner.privateRun(SuiteRunner.java:373)
at org.testng.SuiteRunner.run(SuiteRunner.java:312)
at org.testng.SuiteRunnerWorker.runSuite(SuiteRunnerWorker.java:52)
at org.testng.SuiteRunnerWorker.run(SuiteRunnerWorker.java:95)
at org.testng.TestNG.runSuitesSequentially(TestNG.java:1274)
at org.testng.TestNG.runSuitesLocally(TestNG.java:1208)
at org.testng.TestNG.runSuites(TestNG.java:1112)
at org.testng.TestNG.run(TestNG.java:1079)
at org.apache.maven.surefire.testng.TestNGExecutor.run(TestNGExecutor.java:308)
at org.apache.maven.surefire.testng.TestNGXmlTestSuite.execute(TestNGXmlTestSuite.java:71)
at org.apache.maven.surefire.testng.TestNGProvider.invoke(TestNGProvider.java:113)
at org.apache.maven.surefire.booter.ForkedBooter.runSuitesInProcess(ForkedBooter.java:385)
at org.apache.maven.surefire.booter.ForkedBooter.execute(ForkedBooter.java:162)
at org.apache.maven.surefire.booter.ForkedBooter.run(ForkedBooter.java:507)
at org.apache.maven.surefire.booter.ForkedBooter.main(ForkedBooter.java:495)
]]>
            </full-stacktrace>
          </exception> <!-- java.lang.AssertionError -->
          <reporter-output>
          </reporter-output>
        </test-method> <!-- loginDDT -->
        <test-method signature="loginDDT(java.lang.String,java.lang.String,java.lang.String)[pri:0, instance:testCases.TC004_LoginDDTExcel@522a32b1]" started-at="2024-09-05T17:24:23 BST" name="loginDDT" data-provider="TestLogin" finished-at="2024-09-05T17:24:34 BST" duration-ms="11631" status="PASS">
          <params>
            <param index="0">
              <value>
                <![CDATA[john@gmail.com]]>
              </value>
            </param>
            <param index="1">
              <value>
                <![CDATA[test@123]]>
              </value>
            </param>
            <param index="2">
              <value>
                <![CDATA[invalid]]>
              </value>
            </param>
          </params>
          <reporter-output>
          </reporter-output>
        </test-method> <!-- loginDDT -->
        <test-method signature="loginDDT(java.lang.String,java.lang.String,java.lang.String)[pri:0, instance:testCases.TC004_LoginDDTExcel@522a32b1]" started-at="2024-09-05T17:24:34 BST" name="loginDDT" data-provider="TestLogin" finished-at="2024-09-05T17:24:37 BST" duration-ms="2950" status="PASS">
          <params>
            <param index="0">
              <value>
                <![CDATA[pavanol123@gmail.com]]>
              </value>
            </param>
            <param index="1">
              <value>
                <![CDATA[test@123]]>
              </value>
            </param>
            <param index="2">
              <value>
                <![CDATA[valid]]>
              </value>
            </param>
          </params>
          <reporter-output>
          </reporter-output>
        </test-method> <!-- loginDDT -->
        <test-method signature="loginDDT(java.lang.String,java.lang.String,java.lang.String)[pri:0, instance:testCases.TC004_LoginDDTExcel@522a32b1]" started-at="2024-09-05T17:24:37 BST" name="loginDDT" data-provider="TestLogin" finished-at="2024-09-05T17:24:49 BST" duration-ms="11840" status="PASS">
          <params>
            <param index="0">
              <value>
                <![CDATA[johncanedy@gmail.com]]>
              </value>
            </param>
            <param index="1">
              <value>
                <![CDATA[test]]>
              </value>
            </param>
            <param index="2">
              <value>
                <![CDATA[invalid]]>
              </value>
            </param>
          </params>
          <reporter-output>
          </reporter-output>
        </test-method> <!-- loginDDT -->
        <test-method signature="loginDDT(java.lang.String,java.lang.String,java.lang.String)[pri:0, instance:testCases.TC004_LoginDDTExcel@522a32b1]" started-at="2024-09-05T17:24:49 BST" name="loginDDT" data-provider="TestLogin" finished-at="2024-09-05T17:24:53 BST" duration-ms="3613" status="PASS">
          <params>
            <param index="0">
              <value>
                <![CDATA[peterwilliams@gmail.com]]>
              </value>
            </param>
            <param index="1">
              <value>
                <![CDATA[peterwilliams]]>
              </value>
            </param>
            <param index="2">
              <value>
                <![CDATA[valid]]>
              </value>
            </param>
          </params>
          <reporter-output>
          </reporter-output>
        </test-method> <!-- loginDDT -->
        <test-method signature="loginDDT(java.lang.String,java.lang.String,java.lang.String)[pri:0, instance:testCases.TC004_LoginDDTExcel@522a32b1]" started-at="2024-09-05T17:24:53 BST" name="loginDDT" data-provider="TestLogin" finished-at="2024-09-05T17:24:53 BST" duration-ms="655" status="FAIL">
          <params>
            <param index="0">
              <value is-null="true"/>
            </param>
            <param index="1">
              <value is-null="true"/>
            </param>
            <param index="2">
              <value is-null="true"/>
            </param>
          </params>
          <exception class="java.lang.AssertionError">
            <message>
              <![CDATA[null]]>
            </message>
            <full-stacktrace>
              <![CDATA[java.lang.AssertionError: null
at org.testng.Assert.fail(Assert.java:111)
at org.testng.Assert.fail(Assert.java:116)
at testCases.TC004_LoginDDTExcel.loginDDT(TC004_LoginDDTExcel.java:72)
at java.base/jdk.internal.reflect.DirectMethodHandleAccessor.invoke(DirectMethodHandleAccessor.java:103)
at java.base/java.lang.reflect.Method.invoke(Method.java:580)
at org.testng.internal.invokers.MethodInvocationHelper.invokeMethod(MethodInvocationHelper.java:141)
at org.testng.internal.invokers.TestInvoker.invokeMethod(TestInvoker.java:686)
at org.testng.internal.invokers.TestInvoker.invokeTestMethod(TestInvoker.java:230)
at org.testng.internal.invokers.MethodRunner.runInSequence(MethodRunner.java:63)
at org.testng.internal.invokers.TestInvoker$MethodInvocationAgent.invoke(TestInvoker.java:992)
at org.testng.internal.invokers.TestInvoker.invokeTestMethods(TestInvoker.java:203)
at org.testng.internal.invokers.TestMethodWorker.invokeTestMethods(TestMethodWorker.java:154)
at org.testng.internal.invokers.TestMethodWorker.run(TestMethodWorker.java:134)
at java.base/java.util.ArrayList.forEach(ArrayList.java:1597)
at org.testng.TestRunner.privateRun(TestRunner.java:739)
at org.testng.TestRunner.run(TestRunner.java:614)
at org.testng.SuiteRunner.runTest(SuiteRunner.java:421)
at org.testng.SuiteRunner.runSequentially(SuiteRunner.java:413)
at org.testng.SuiteRunner.privateRun(SuiteRunner.java:373)
at org.testng.SuiteRunner.run(SuiteRunner.java:312)
at org.testng.SuiteRunnerWorker.runSuite(SuiteRunnerWorker.java:52)
at org.testng.SuiteRunnerWorker.run(SuiteRunnerWorker.java:95)
at org.testng.TestNG.runSuitesSequentially(TestNG.java:1274)
at org.testng.TestNG.runSuitesLocally(TestNG.java:1208)
at org.testng.TestNG.runSuites(TestNG.java:1112)
at org.testng.TestNG.run(TestNG.java:1079)
at org.apache.maven.surefire.testng.TestNGExecutor.run(TestNGExecutor.java:308)
at org.apache.maven.surefire.testng.TestNGXmlTestSuite.execute(TestNGXmlTestSuite.java:71)
at org.apache.maven.surefire.testng.TestNGProvider.invoke(TestNGProvider.java:113)
at org.apache.maven.surefire.booter.ForkedBooter.runSuitesInProcess(ForkedBooter.java:385)
at org.apache.maven.surefire.booter.ForkedBooter.execute(ForkedBooter.java:162)
at org.apache.maven.surefire.booter.ForkedBooter.run(ForkedBooter.java:507)
at org.apache.maven.surefire.booter.ForkedBooter.main(ForkedBooter.java:495)
]]>
            </full-stacktrace>
          </exception> <!-- java.lang.AssertionError -->
          <reporter-output>
          </reporter-output>
        </test-method> <!-- loginDDT -->
        <test-method is-config="true" signature="tearDown()[pri:0, instance:testCases.TC004_LoginDDTExcel@522a32b1]" started-at="2024-09-05T17:24:54 BST" name="tearDown" finished-at="2024-09-05T17:24:54 BST" duration-ms="221" status="PASS">
          <reporter-output>
          </reporter-output>
        </test-method> <!-- tearDown -->
      </class> <!-- testCases.TC004_LoginDDTExcel -->
    </test> <!-- Test -->
  </suite> <!-- Master Suite -->
</testng-results>
